#
# There is insufficient memory for the Java Runtime Environment to continue.
# Native memory allocation (mmap) failed to map 662700032 bytes for G1 virtual space
# Possible reasons:
#   The system is out of physical RAM or swap space
#   The process is running with CompressedOops enabled, and the Java Heap may be blocking the growth of the native heap
# Possible solutions:
#   Reduce memory load on the system
#   Increase physical memory or swap space
#   Check if swap backing store is full
#   Decrease Java heap size (-Xmx/-Xms)
#   Decrease number of Java threads
#   Decrease Java thread stack sizes (-Xss)
#   Set larger code cache with -XX:ReservedCodeCacheSize=
#   JVM is running with Zero Based Compressed Oops mode in which the Java heap is
#     placed in the first 32GB address space. The Java Heap base address is the
#     maximum limit for the native heap growth. Please use -XX:HeapBaseMinAddress
#     to set the Java Heap base and to place the Java Heap above 32GB virtual address.
# This output file may be truncated or incomplete.
#
#  Out of Memory Error (os_windows.cpp:3532), pid=31272, tid=23960
#
# JRE version:  (17.0.2+8) (build )
# Java VM: OpenJDK 64-Bit Server VM (17.0.2+8, mixed mode, sharing, tiered, compressed oops, compressed class ptrs, g1 gc, windows-amd64)
# No core dump will be written. Minidumps are not enabled by default on client versions of Windows
#

---------------  S U M M A R Y ------------

Command Line: -Dfile.encoding=UTF-8 -XX:+ShowCodeDetailsInExceptionMessages com.revature.mavenstart.Greeting

Host: AMD Ryzen 5 4600H with Radeon Graphics         , 12 cores, 39G,  Windows 11 , 64 bit Build 22000 (10.0.22000.613)
Time: Wed Apr 20 06:22:47 2022 Pacific Daylight Time elapsed time: 0.009174 seconds (0d 0h 0m 0s)

---------------  T H R E A D  ---------------

Current thread (0x0000029efcb4fe60):  JavaThread "Unknown thread" [_thread_in_vm, id=23960, stack(0x000000bfae100000,0x000000bfae200000)]

Stack: [0x000000bfae100000,0x000000bfae200000]
Native frames: (J=compiled Java code, j=interpreted, Vv=VM code, C=native code)
V  [jvm.dll+0x67564a]
V  [jvm.dll+0x82fc04]
V  [jvm.dll+0x8313ae]
V  [jvm.dll+0x831a13]
V  [jvm.dll+0x245235]
V  [jvm.dll+0x672539]
V  [jvm.dll+0x666e82]
V  [jvm.dll+0x30401b]
V  [jvm.dll+0x30b566]
V  [jvm.dll+0x35b1fe]
V  [jvm.dll+0x35b42f]
V  [jvm.dll+0x2daf58]
V  [jvm.dll+0x2dbec4]
V  [jvm.dll+0x801881]
V  [jvm.dll+0x368f81]
V  [jvm.dll+0x7e0cdc]
V  [jvm.dll+0x3eb8bf]
V  [jvm.dll+0x3ed441]
C  [jli.dll+0x5277]
C  [ucrtbase.dll+0x26c0c]
C  [KERNEL32.DLL+0x154e0]
C  [ntdll.dll+0x485b]


---------------  P R O C E S S  ---------------

Threads class SMR info:
_java_thread_list=0x00007ffdb0cb5e98, length=0, elements={
}

Java Threads: ( => current thread )

Other Threads:
  0x0000029efcbccc80 GCTaskThread "GC Thread#0" [stack: 0x000000bfae200000,0x000000bfae300000] [id=37936]
  0x0000029efcbd79b0 ConcurrentGCThread "G1 Main Marker" [stack: 0x000000bfae300000,0x000000bfae400000] [id=14500]
  0x0000029efcbd8b60 ConcurrentGCThread "G1 Conc#0" [stack: 0x000000bfae400000,0x000000bfae500000] [id=20592]

[error occurred during error reporting (printing all threads), id 0xc0000005, EXCEPTION_ACCESS_VIOLATION (0xc0000005) at pc=0x00007ffdb048b9d7]

VM state: not at safepoint (not fully initialized)

VM Mutex/Monitor currently owned by a thread:  ([mutex/lock_event])
[0x0000029efcb4cb40] Heap_lock - owner thread: 0x0000029efcb4fe60

Heap address: 0x000000058a000000, size: 10080 MB, Compressed Oops mode: Zero based, Oop shift amount: 3

CDS archive(s) mapped at: [0x0000000000000000-0x0000000000000000-0x0000000000000000), size 0, SharedBaseAddress: 0x0000000800000000, ArchiveRelocationMode: 0.
Narrow klass base: 0x0000000000000000, Narrow klass shift: 0, Narrow klass range: 0x0

GC Precious Log:
<Empty>

Heap:
 garbage-first heap   total 0K, used 0K [0x000000058a000000, 0x0000000800000000)
  region size 8192K, 0 young (0K), 0 survivors (0K)

[error occurred during error reporting (printing heap information), id 0xc0000005, EXCEPTION_ACCESS_VIOLATION (0xc0000005) at pc=0x00007ffdb086e899]

GC Heap History (0 events):
No events

Deoptimization events (0 events):
No events

Classes unloaded (0 events):
No events

Classes redefined (0 events):
No events

Internal exceptions (0 events):
No events

VM Operations (0 events):
No events

Events (1 events):
Event: 0.006 Loaded shared library C:\Users\aaron\scoop\apps\sts\current\plugins\org.eclipse.justj.openjdk.hotspot.jre.full.win32.x86_64_17.0.2.v20220201-1208\jre\bin\java.dll


Dynamic libraries:
0x00007ff618150000 - 0x00007ff61815e000 	C:\Users\aaron\scoop\apps\sts\current\plugins\org.eclipse.justj.openjdk.hotspot.jre.full.win32.x86_64_17.0.2.v20220201-1208\jre\bin\javaw.exe
0x00007ffdf1ca0000 - 0x00007ffdf1ea9000 	C:\WINDOWS\SYSTEM32\ntdll.dll
0x00007ffdefe30000 - 0x00007ffdefeed000 	C:\WINDOWS\System32\KERNEL32.DLL
0x00007ffdef510000 - 0x00007ffdef884000 	C:\WINDOWS\System32\KERNELBASE.dll
0x00007ffdef190000 - 0x00007ffdef2a1000 	C:\WINDOWS\System32\ucrtbase.dll
0x00007ffdbb560000 - 0x00007ffdbb579000 	C:\Users\aaron\scoop\apps\sts\current\plugins\org.eclipse.justj.openjdk.hotspot.jre.full.win32.x86_64_17.0.2.v20220201-1208\jre\bin\VCRUNTIME140.dll
0x00007ffdbb580000 - 0x00007ffdbb598000 	C:\Users\aaron\scoop\apps\sts\current\plugins\org.eclipse.justj.openjdk.hotspot.jre.full.win32.x86_64_17.0.2.v20220201-1208\jre\bin\jli.dll
0x00007ffdf1270000 - 0x00007ffdf141c000 	C:\WINDOWS\System32\USER32.dll
0x00007ffdd8960000 - 0x00007ffdd8c05000 	C:\WINDOWS\WinSxS\amd64_microsoft.windows.common-controls_6595b64144ccf1df_6.0.22000.120_none_9d947278b86cc467\COMCTL32.dll
0x00007ffdef890000 - 0x00007ffdef8b6000 	C:\WINDOWS\System32\win32u.dll
0x00007ffdeffa0000 - 0x00007ffdf0043000 	C:\WINDOWS\System32\msvcrt.dll
0x00007ffdefc60000 - 0x00007ffdefc89000 	C:\WINDOWS\System32\GDI32.dll
0x00007ffdef960000 - 0x00007ffdefa72000 	C:\WINDOWS\System32\gdi32full.dll
0x00007ffdef8c0000 - 0x00007ffdef95d000 	C:\WINDOWS\System32\msvcp_win.dll
0x00007ffdf19c0000 - 0x00007ffdf19f1000 	C:\WINDOWS\System32\IMM32.DLL
0x00007ffdc5a60000 - 0x00007ffdc5a6c000 	C:\Users\aaron\scoop\apps\sts\current\plugins\org.eclipse.justj.openjdk.hotspot.jre.full.win32.x86_64_17.0.2.v20220201-1208\jre\bin\vcruntime140_1.dll
0x00007ffdbaed0000 - 0x00007ffdbaf61000 	C:\Users\aaron\scoop\apps\sts\current\plugins\org.eclipse.justj.openjdk.hotspot.jre.full.win32.x86_64_17.0.2.v20220201-1208\jre\bin\msvcp140.dll
0x00007ffdb01a0000 - 0x00007ffdb0de7000 	C:\Users\aaron\scoop\apps\sts\current\plugins\org.eclipse.justj.openjdk.hotspot.jre.full.win32.x86_64_17.0.2.v20220201-1208\jre\bin\server\jvm.dll
0x00007ffdf0230000 - 0x00007ffdf02de000 	C:\WINDOWS\System32\ADVAPI32.dll
0x00007ffdf1420000 - 0x00007ffdf14be000 	C:\WINDOWS\System32\sechost.dll
0x00007ffdf0980000 - 0x00007ffdf0aa0000 	C:\WINDOWS\System32\RPCRT4.dll
0x00007ffdf1a00000 - 0x00007ffdf1a08000 	C:\WINDOWS\System32\PSAPI.DLL
0x00007ffde8d70000 - 0x00007ffde8da3000 	C:\WINDOWS\SYSTEM32\WINMM.dll
0x00007ffdd4bd0000 - 0x00007ffdd4bd9000 	C:\WINDOWS\SYSTEM32\WSOCK32.dll
0x00007ffde79e0000 - 0x00007ffde79ea000 	C:\WINDOWS\SYSTEM32\VERSION.dll
0x00007ffdf1bf0000 - 0x00007ffdf1c5f000 	C:\WINDOWS\System32\WS2_32.dll
0x00007ffdee380000 - 0x00007ffdee398000 	C:\WINDOWS\SYSTEM32\kernel.appcore.dll
0x00007ffde86f0000 - 0x00007ffde86fa000 	C:\Users\aaron\scoop\apps\sts\current\plugins\org.eclipse.justj.openjdk.hotspot.jre.full.win32.x86_64_17.0.2.v20220201-1208\jre\bin\jimage.dll
0x00007ffdde740000 - 0x00007ffdde961000 	C:\WINDOWS\SYSTEM32\DBGHELP.DLL
0x00007ffdd7740000 - 0x00007ffdd7771000 	C:\WINDOWS\SYSTEM32\dbgcore.DLL
0x00007ffdef2b0000 - 0x00007ffdef32f000 	C:\WINDOWS\System32\bcryptPrimitives.dll
0x00007ffdbb530000 - 0x00007ffdbb555000 	C:\Users\aaron\scoop\apps\sts\current\plugins\org.eclipse.justj.openjdk.hotspot.jre.full.win32.x86_64_17.0.2.v20220201-1208\jre\bin\java.dll

dbghelp: loaded successfully - version: 4.0.5 - missing functions: none
symbol engine: initialized successfully - sym options: 0x614 - pdb path: .;C:\Users\aaron\scoop\apps\sts\current\plugins\org.eclipse.justj.openjdk.hotspot.jre.full.win32.x86_64_17.0.2.v20220201-1208\jre\bin;C:\WINDOWS\SYSTEM32;C:\WINDOWS\WinSxS\amd64_microsoft.windows.common-controls_6595b64144ccf1df_6.0.22000.120_none_9d947278b86cc467;C:\Users\aaron\scoop\apps\sts\current\plugins\org.eclipse.justj.openjdk.hotspot.jre.full.win32.x86_64_17.0.2.v20220201-1208\jre\bin\server

VM Arguments:
jvm_args: -Dfile.encoding=UTF-8 -XX:+ShowCodeDetailsInExceptionMessages 
java_command: com.revature.mavenstart.Greeting
java_class_path (initial): C:\Users\aaron\OneDrive\Desktop\revature\P0\9811\target\classes;C:\Users\aaron\.m2\repository\ch\qos\logback\logback-classic\1.2.11\logback-classic-1.2.11.jar;C:\Users\aaron\.m2\repository\ch\qos\logback\logback-core\1.2.11\logback-core-1.2.11.jar;C:\Users\aaron\.m2\repository\org\slf4j\slf4j-api\1.7.32\slf4j-api-1.7.32.jar;C:\Users\aaron\.m2\repository\org\postgresql\postgresql\42.3.3\postgresql-42.3.3.jar;C:\Users\aaron\.m2\repository\org\checkerframework\checker-qual\3.5.0\checker-qual-3.5.0.jar;C:\Users\aaron\.m2\repository\uk\org\webcompere\system-stubs-core\2.0.1\system-stubs-core-2.0.1.jar;C:\Users\aaron\.m2\repository\uk\org\webcompere\system-stubs-jupiter\2.0.1\system-stubs-jupiter-2.0.1.jar
Launcher Type: SUN_STANDARD

[Global flags]
     intx CICompilerCount                          = 4                                         {product} {ergonomic}
     uint ConcGCThreads                            = 3                                         {product} {ergonomic}
     uint G1ConcRefinementThreads                  = 10                                        {product} {ergonomic}
   size_t G1HeapRegionSize                         = 8388608                                   {product} {ergonomic}
    uintx GCDrainStackTargetSize                   = 64                                        {product} {ergonomic}
   size_t InitialHeapSize                          = 662700032                                 {product} {ergonomic}
   size_t MarkStackSize                            = 4194304                                   {product} {ergonomic}
   size_t MaxHeapSize                              = 10569646080                               {product} {ergonomic}
   size_t MinHeapDeltaBytes                        = 8388608                                   {product} {ergonomic}
   size_t MinHeapSize                              = 8388608                                   {product} {ergonomic}
    uintx NonNMethodCodeHeapSize                   = 5839372                                {pd product} {ergonomic}
    uintx NonProfiledCodeHeapSize                  = 122909434                              {pd product} {ergonomic}
    uintx ProfiledCodeHeapSize                     = 122909434                              {pd product} {ergonomic}
    uintx ReservedCodeCacheSize                    = 251658240                              {pd product} {ergonomic}
     bool SegmentedCodeCache                       = true                                      {product} {ergonomic}
     bool ShowCodeDetailsInExceptionMessages       = true                                   {manageable} {command line}
   size_t SoftMaxHeapSize                          = 10569646080                            {manageable} {ergonomic}
     bool UseCompressedClassPointers               = true                           {product lp64_product} {ergonomic}
     bool UseCompressedOops                        = true                           {product lp64_product} {ergonomic}
     bool UseG1GC                                  = true                                      {product} {ergonomic}
     bool UseLargePagesIndividualAllocation        = false                                  {pd product} {ergonomic}

Logging:
Log output configuration:
 #0: stdout all=warning uptime,level,tags
 #1: stderr all=off uptime,level,tags

Environment Variables:
JAVA_HOME=C:\Users\aaron\scoop\apps\ojdkbuild8\current
PATH=C:/Users/aaron/scoop/apps/sts/current//plugins/org.eclipse.justj.openjdk.hotspot.jre.full.win32.x86_64_17.0.2.v20220201-1208/jre/bin/server;C:/Users/aaron/scoop/apps/sts/current//plugins/org.eclipse.justj.openjdk.hotspot.jre.full.win32.x86_64_17.0.2.v20220201-1208/jre/bin;C:\Program Files (x86)\Common Files\Oracle\Java\javapath;C:\Python310\Scripts\;C:\Python310\;C:\Program Files\Eclipse Foundation\jdk-8.0.302.8-hotspot\bin;C:\windows\system32;C:\windows;C:\windows\System32\Wbem;C:\windows\System32\WindowsPowerShell\v1.0\;C:\windows\System32\OpenSSH\;C:\Program Files\Microsoft SQL Server\130\Tools\Binn\;C:\Program Files\Microsoft SQL Server\Client SDK\ODBC\170\Tools\Binn\;C:\Program Files (x86)\NVIDIA Corporation\PhysX\Common;C:\Program Files\NVIDIA Corporation\NVIDIA NvDLISR;C:\WINDOWS\system32;C:\WINDOWS;C:\WINDOWS\System32\Wbem;C:\WINDOWS\System32\WindowsPowerShell\v1.0\;C:\WINDOWS\System32\OpenSSH\;C:\Program Files\dotnet\;C:\Program Files\Git\cmd;C:\Program Files\nodejs\;C:\ProgramData\chocolatey\bin;C:\Program Files\Geth;C:\Users\aaron\scoop\apps\postgresql\current\bin;C:\Users\aaron\scoop\apps\maven\current\bin;C:\Users\aaron\scoop\apps\ojdkbuild8\current\bin;C:\Users\aaron\scoop\shims;C:\Users\aaron\AppData\Local\Microsoft\WindowsApps;C:\Users\aaron\.dotnet\tools;C:\Users\aaron\AppData\Roaming\npm;C:\Users\aaron\AppData\Local\Programs\Microsoft VS Code\bin;C:\Users\aaron\AppData\Local\nvs\;C:\Users\aaron\AppData\Local\GitHubDesktop\bin;C:\Users\aaron\.dotnet\tools;C:\Users\aaron\scoop\apps\sts\current;
USERNAME=aaron
OS=Windows_NT
PROCESSOR_IDENTIFIER=AMD64 Family 23 Model 96 Stepping 1, AuthenticAMD



---------------  S Y S T E M  ---------------

OS:
 Windows 11 , 64 bit Build 22000 (10.0.22000.613)
OS uptime: 3 days 10:42 hours

CPU: total 12 (initial active 12) (12 cores per cpu, 2 threads per core) family 23 model 96 stepping 1 microcode 0x0, cx8, cmov, fxsr, ht, mmx, 3dnowpref, sse, sse2, sse3, ssse3, sse4a, sse4.1, sse4.2, popcnt, lzcnt, tsc, tscinvbit, avx, avx2, aes, clmul, bmi1, bmi2, adx, sha, fma, vzeroupper, clflush, clflushopt

Memory: 4k page, system-wide physical 40317M (20024M free)
TotalPageFile size 82999M (AvailPageFile size 395M)
current process WorkingSet (physical memory assigned to process): 10M, peak: 10M
current process commit charge ("private bytes"): 64M, peak: 696M

vm_info: OpenJDK 64-Bit Server VM (17.0.2+8) for windows-amd64 JRE (17.0.2+8), built on Jan 20 2022 04:52:34 by "" with MS VC++ 16.7 (VS2019)

END.
